# JRE version: Java(TM) SE Runtime Environment (8.0_92-b14) (build 1.8.0_92-b14)
# Java VM: Java HotSpot(TM) 64-Bit Server VM (25.92-b14 mixed mode bsd-amd64 compressed oops)
Heap:
 PSYoungGen      total 276480K, used 25961K [0x0000000795580000, 0x00000007b0d80000, 0x00000007c0000000)
  eden space 123392K, 8% used [0x0000000795580000,0x0000000795f87b28,0x000000079ce00000)
  from space 153088K, 10% used [0x000000079ce00000,0x000000079dd52b98,0x00000007a6380000)
  to   space 152064K, 0% used [0x00000007a7900000,0x00000007a7900000,0x00000007b0d80000)
 ParOldGen       total 464384K, used 261941K [0x0000000740000000, 0x000000075c580000, 0x0000000795580000)
  object space 464384K, 56% used [0x0000000740000000,0x000000074ffcd660,0x000000075c580000)
 Metaspace       used 24716K, capacity 24878K, committed 25216K, reserved 1071104K
  class space    used 3077K, capacity 3151K, committed 3200K, reserved 1048576K
GC Heap History (10 events):
Event: 6.806 GC heap before
{Heap before GC invocations=10 (full 2):
 PSYoungGen      total 174080K, used 122332K [0x0000000795580000, 0x00000007ac380000, 0x00000007c0000000)
  eden space 97280K, 100% used [0x0000000795580000,0x000000079b480000,0x000000079b480000)
  from space 76800K, 32% used [0x000000079b480000,0x000000079ccf7018,0x000000079ff80000)
  to   space 128000K, 0% used [0x00000007a4680000,0x00000007a4680000,0x00000007ac380000)
 ParOldGen       total 375808K, used 269786K [0x0000000740000000, 0x0000000756f00000, 0x0000000795580000)
  object space 375808K, 71% used [0x0000000740000000,0x0000000750776970,0x0000000756f00000)
 Metaspace       used 7440K, capacity 7548K, committed 7680K, reserved 1056768K
  class space    used 899K, capacity 916K, committed 1024K, reserved 1048576K
Event: 6.918 GC heap after
Heap after GC invocations=10 (full 2):
 PSYoungGen      total 237568K, used 91362K [0x0000000795580000, 0x00000007adc00000, 0x00000007c0000000)
  eden space 109568K, 0% used [0x0000000795580000,0x0000000795580000,0x000000079c080000)
  from space 128000K, 71% used [0x00000007a4680000,0x00000007a9fb8bd8,0x00000007ac380000)
  to   space 137216K, 0% used [0x000000079c080000,0x000000079c080000,0x00000007a4680000)
 ParOldGen       total 375808K, used 269786K [0x0000000740000000, 0x0000000756f00000, 0x0000000795580000)
  object space 375808K, 71% used [0x0000000740000000,0x0000000750776970,0x0000000756f00000)
 Metaspace       used 7440K, capacity 7548K, committed 7680K, reserved 1056768K
  class space    used 899K, capacity 916K, committed 1024K, reserved 1048576K
}
Event: 8.083 GC heap before
{Heap before GC invocations=11 (full 2):
 PSYoungGen      total 237568K, used 200930K [0x0000000795580000, 0x00000007adc00000, 0x00000007c0000000)
  eden space 109568K, 100% used [0x0000000795580000,0x000000079c080000,0x000000079c080000)
  from space 128000K, 71% used [0x00000007a4680000,0x00000007a9fb8bd8,0x00000007ac380000)
  to   space 137216K, 0% used [0x000000079c080000,0x000000079c080000,0x00000007a4680000)
 ParOldGen       total 375808K, used 269786K [0x0000000740000000, 0x0000000756f00000, 0x0000000795580000)
  object space 375808K, 71% used [0x0000000740000000,0x0000000750776970,0x0000000756f00000)
 Metaspace       used 16972K, capacity 17076K, committed 17152K, reserved 1064960K
  class space    used 2202K, capacity 2232K, committed 2304K, reserved 1048576K
Event: 8.164 GC heap after
Heap after GC invocations=11 (full 2):
 PSYoungGen      total 246784K, used 102550K [0x0000000795580000, 0x00000007af400000, 0x00000007c0000000)
  eden space 109568K, 0% used [0x0000000795580000,0x0000000795580000,0x000000079c080000)
  from space 137216K, 74% used [0x000000079c080000,0x00000007a24a5b50,0x00000007a4680000)
  to   space 147968K, 0% used [0x00000007a6380000,0x00000007a6380000,0x00000007af400000)
 ParOldGen       total 375808K, used 269786K [0x0000000740000000, 0x0000000756f00000, 0x0000000795580000)
  object space 375808K, 71% used [0x0000000740000000,0x0000000750776970,0x0000000756f00000)
 Metaspace       used 16972K, capacity 17076K, committed 17152K, reserved 1064960K
  class space    used 2202K, capacity 2232K, committed 2304K, reserved 1048576K
}
Event: 8.499 GC heap before
{Heap before GC invocations=12 (full 2):
 PSYoungGen      total 246784K, used 144399K [0x0000000795580000, 0x00000007af400000, 0x00000007c0000000)
  eden space 109568K, 38% used [0x0000000795580000,0x0000000797e5e1f0,0x000000079c080000)
  from space 137216K, 74% used [0x000000079c080000,0x00000007a24a5b50,0x00000007a4680000)
  to   space 147968K, 0% used [0x00000007a6380000,0x00000007a6380000,0x00000007af400000)
 ParOldGen       total 375808K, used 269786K [0x0000000740000000, 0x0000000756f00000, 0x0000000795580000)
  object space 375808K, 71% used [0x0000000740000000,0x0000000750776970,0x0000000756f00000)
 Metaspace       used 21001K, capacity 21128K, committed 21248K, reserved 1067008K
  class space    used 2686K, capacity 2752K, committed 2816K, reserved 1048576K
Event: 8.590 GC heap after
Heap after GC invocations=12 (full 2):
 PSYoungGen      total 271360K, used 95803K [0x0000000795580000, 0x00000007b0480000, 0x00000007c0000000)
  eden space 123392K, 0% used [0x0000000795580000,0x0000000795580000,0x000000079ce00000)
  from space 147968K, 64% used [0x00000007a6380000,0x00000007ac10ee20,0x00000007af400000)
  to   space 153088K, 0% used [0x000000079ce00000,0x000000079ce00000,0x00000007a6380000)
 ParOldGen       total 375808K, used 269786K [0x0000000740000000, 0x0000000756f00000, 0x0000000795580000)
  object space 375808K, 71% used [0x0000000740000000,0x0000000750776970,0x0000000756f00000)
 Metaspace       used 21001K, capacity 21128K, committed 21248K, reserved 1067008K
  class space    used 2686K, capacity 2752K, committed 2816K, reserved 1048576K
}
Event: 8.590 GC heap before
{Heap before GC invocations=13 (full 3):
 PSYoungGen      total 271360K, used 95803K [0x0000000795580000, 0x00000007b0480000, 0x00000007c0000000)
  eden space 123392K, 0% used [0x0000000795580000,0x0000000795580000,0x000000079ce00000)
  from space 147968K, 64% used [0x00000007a6380000,0x00000007ac10ee20,0x00000007af400000)
  to   space 153088K, 0% used [0x000000079ce00000,0x000000079ce00000,0x00000007a6380000)
 ParOldGen       total 375808K, used 269786K [0x0000000740000000, 0x0000000756f00000, 0x0000000795580000)
  object space 375808K, 71% used [0x0000000740000000,0x0000000750776970,0x0000000756f00000)
 Metaspace       used 21001K, capacity 21128K, committed 21248K, reserved 1067008K
  class space    used 2686K, capacity 2752K, committed 2816K, reserved 1048576K
Event: 9.332 GC heap after
Heap after GC invocations=13 (full 3):
 PSYoungGen      total 271360K, used 0K [0x0000000795580000, 0x00000007b0480000, 0x00000007c0000000)
  eden space 123392K, 0% used [0x0000000795580000,0x0000000795580000,0x000000079ce00000)
  from space 147968K, 0% used [0x00000007a6380000,0x00000007a6380000,0x00000007af400000)
  to   space 153088K, 0% used [0x000000079ce00000,0x000000079ce00000,0x00000007a6380000)
 ParOldGen       total 464384K, used 261933K [0x0000000740000000, 0x000000075c580000, 0x0000000795580000)
  object space 464384K, 56% used [0x0000000740000000,0x000000074ffcb660,0x000000075c580000)
 Metaspace       used 21001K, capacity 21128K, committed 21248K, reserved 1067008K
  class space    used 2686K, capacity 2752K, committed 2816K, reserved 1048576K
}
Event: 17.201 GC heap before
{Heap before GC invocations=14 (full 3):
 PSYoungGen      total 271360K, used 123392K [0x0000000795580000, 0x00000007b0480000, 0x00000007c0000000)
  eden space 123392K, 100% used [0x0000000795580000,0x000000079ce00000,0x000000079ce00000)
  from space 147968K, 0% used [0x00000007a6380000,0x00000007a6380000,0x00000007af400000)
  to   space 153088K, 0% used [0x000000079ce00000,0x000000079ce00000,0x00000007a6380000)
 ParOldGen       total 464384K, used 261933K [0x0000000740000000, 0x000000075c580000, 0x0000000795580000)
  object space 464384K, 56% used [0x0000000740000000,0x000000074ffcb660,0x000000075c580000)
 Metaspace       used 24557K, capacity 24770K, committed 25216K, reserved 1071104K
  class space    used 3060K, capacity 3115K, committed 3200K, reserved 1048576K
Event: 17.216 GC heap after
Heap after GC invocations=14 (full 3):
 PSYoungGen      total 276480K, used 15690K [0x0000000795580000, 0x00000007b0d80000, 0x00000007c0000000)
  eden space 123392K, 0% used [0x0000000795580000,0x0000000795580000,0x000000079ce00000)
  from space 153088K, 10% used [0x000000079ce00000,0x000000079dd52b98,0x00000007a6380000)
  to   space 152064K, 0% used [0x00000007a7900000,0x00000007a7900000,0x00000007b0d80000)
 ParOldGen       total 464384K, used 261941K [0x0000000740000000, 0x000000075c580000, 0x0000000795580000)
  object space 464384K, 56% used [0x0000000740000000,0x000000074ffcd660,0x000000075c580000)
 Metaspace       used 24557K, capacity 24770K, committed 25216K, reserved 1071104K
  class space    used 3060K, capacity 3115K, committed 3200K, reserved 1048576K
}

